<?xml version="1.0" encoding="UTF-8"?>
<testng-results ignored="0" total="3" passed="3" failed="0" skipped="0">
  <reporter-output>
  </reporter-output>
  <suite started-at="2022-09-25T02:30:55 IST" name="LeafTaps Automation" finished-at="2022-09-25T02:32:00 IST" duration-ms="64177">
    <groups>
    </groups>
    <test started-at="2022-09-25T02:30:55 IST" name="LFT-96329 Lead Development in Chrome" finished-at="2022-09-25T02:32:00 IST" duration-ms="64177">
      <class name="com.leaftaps.ui.leads.testcases.TC_CreateLead">
        <test-method is-config="true" signature="setData()[pri:0, instance:com.leaftaps.ui.leads.testcases.TC_CreateLead@76508ed1]" started-at="2022-09-25T02:30:55 IST" name="setData" finished-at="2022-09-25T02:30:55 IST" duration-ms="15" status="PASS">
          <reporter-output>
          </reporter-output>
        </test-method> <!-- setData -->
        <test-method is-config="true" signature="preCondition(java.lang.String, java.lang.String)[pri:0, instance:com.leaftaps.ui.leads.testcases.TC_CreateLead@76508ed1]" started-at="2022-09-25T02:30:57 IST" name="preCondition" finished-at="2022-09-25T02:31:06 IST" duration-ms="8987" status="PASS">
          <params>
            <param index="0">
              <value>
                <![CDATA[chrome]]>
              </value>
            </param>
            <param index="1">
              <value>
                <![CDATA[http://leaftaps.com/opentaps/]]>
              </value>
            </param>
          </params>
          <reporter-output>
          </reporter-output>
        </test-method> <!-- preCondition -->
        <test-method signature="runCreateLead(java.lang.String, java.lang.String, java.lang.String, java.lang.String, java.lang.String, java.lang.String)[pri:0, instance:com.leaftaps.ui.leads.testcases.TC_CreateLead@76508ed1]" started-at="2022-09-25T02:31:06 IST" name="runCreateLead" data-provider="sendData" finished-at="2022-09-25T02:31:19 IST" duration-ms="13187" status="PASS">
          <params>
            <param index="0">
              <value>
                <![CDATA[DemoSalesManager]]>
              </value>
            </param>
            <param index="1">
              <value>
                <![CDATA[crmsfa]]>
              </value>
            </param>
            <param index="2">
              <value>
                <![CDATA[TL]]>
              </value>
            </param>
            <param index="3">
              <value>
                <![CDATA[Hari]]>
              </value>
            </param>
            <param index="4">
              <value>
                <![CDATA[R]]>
              </value>
            </param>
            <param index="5">
              <value>
                <![CDATA[9790494310]]>
              </value>
            </param>
          </params>
          <reporter-output>
          </reporter-output>
        </test-method> <!-- runCreateLead -->
        <test-method is-config="true" signature="postCondition()[pri:0, instance:com.leaftaps.ui.leads.testcases.TC_CreateLead@76508ed1]" started-at="2022-09-25T02:31:19 IST" name="postCondition" finished-at="2022-09-25T02:31:19 IST" duration-ms="277" status="PASS">
          <reporter-output>
          </reporter-output>
        </test-method> <!-- postCondition -->
      </class> <!-- com.leaftaps.ui.leads.testcases.TC_CreateLead -->
      <class name="com.leaftaps.ui.leads.testcases.TC_DeleteLead">
        <test-method is-config="true" signature="setData()[pri:0, instance:com.leaftaps.ui.leads.testcases.TC_DeleteLead@41e36e46]" started-at="2022-09-25T02:30:55 IST" name="setData" finished-at="2022-09-25T02:30:55 IST" duration-ms="0" status="PASS">
          <reporter-output>
          </reporter-output>
        </test-method> <!-- setData -->
        <test-method is-config="true" signature="preCondition(java.lang.String, java.lang.String)[pri:0, instance:com.leaftaps.ui.leads.testcases.TC_DeleteLead@41e36e46]" started-at="2022-09-25T02:31:19 IST" name="preCondition" finished-at="2022-09-25T02:31:25 IST" duration-ms="5174" status="PASS">
          <params>
            <param index="0">
              <value>
                <![CDATA[chrome]]>
              </value>
            </param>
            <param index="1">
              <value>
                <![CDATA[http://leaftaps.com/opentaps/]]>
              </value>
            </param>
          </params>
          <reporter-output>
          </reporter-output>
        </test-method> <!-- preCondition -->
        <test-method signature="runDeleteLead(java.lang.String, java.lang.String, java.lang.String)[pri:0, instance:com.leaftaps.ui.leads.testcases.TC_DeleteLead@41e36e46]" started-at="2022-09-25T02:31:25 IST" name="runDeleteLead" data-provider="sendData" finished-at="2022-09-25T02:31:39 IST" duration-ms="14625" status="PASS">
          <params>
            <param index="0">
              <value>
                <![CDATA[DemoSalesManager]]>
              </value>
            </param>
            <param index="1">
              <value>
                <![CDATA[crmsfa]]>
              </value>
            </param>
            <param index="2">
              <value>
                <![CDATA[9]]>
              </value>
            </param>
          </params>
          <reporter-output>
          </reporter-output>
        </test-method> <!-- runDeleteLead -->
        <test-method is-config="true" signature="postCondition()[pri:0, instance:com.leaftaps.ui.leads.testcases.TC_DeleteLead@41e36e46]" started-at="2022-09-25T02:31:39 IST" name="postCondition" finished-at="2022-09-25T02:31:39 IST" duration-ms="197" status="PASS">
          <reporter-output>
          </reporter-output>
        </test-method> <!-- postCondition -->
      </class> <!-- com.leaftaps.ui.leads.testcases.TC_DeleteLead -->
      <class name="com.leaftaps.ui.leads.testcases.TC_EditLead">
        <test-method is-config="true" signature="setData()[pri:0, instance:com.leaftaps.ui.leads.testcases.TC_EditLead@15c43bd9]" started-at="2022-09-25T02:30:55 IST" name="setData" finished-at="2022-09-25T02:30:55 IST" duration-ms="0" status="PASS">
          <reporter-output>
          </reporter-output>
        </test-method> <!-- setData -->
        <test-method is-config="true" signature="preCondition(java.lang.String, java.lang.String)[pri:0, instance:com.leaftaps.ui.leads.testcases.TC_EditLead@15c43bd9]" started-at="2022-09-25T02:31:40 IST" name="preCondition" finished-at="2022-09-25T02:31:45 IST" duration-ms="5076" status="PASS">
          <params>
            <param index="0">
              <value>
                <![CDATA[chrome]]>
              </value>
            </param>
            <param index="1">
              <value>
                <![CDATA[http://leaftaps.com/opentaps/]]>
              </value>
            </param>
          </params>
          <reporter-output>
          </reporter-output>
        </test-method> <!-- preCondition -->
        <test-method signature="runEditLead(java.lang.String, java.lang.String, java.lang.String, java.lang.String)[pri:0, instance:com.leaftaps.ui.leads.testcases.TC_EditLead@15c43bd9]" started-at="2022-09-25T02:31:45 IST" name="runEditLead" data-provider="sendData" finished-at="2022-09-25T02:31:59 IST" duration-ms="14719" status="PASS">
          <params>
            <param index="0">
              <value>
                <![CDATA[DemoSalesManager]]>
              </value>
            </param>
            <param index="1">
              <value>
                <![CDATA[crmsfa]]>
              </value>
            </param>
            <param index="2">
              <value>
                <![CDATA[9790494303]]>
              </value>
            </param>
            <param index="3">
              <value>
                <![CDATA[TCS]]>
              </value>
            </param>
          </params>
          <reporter-output>
          </reporter-output>
        </test-method> <!-- runEditLead -->
        <test-method is-config="true" signature="postCondition()[pri:0, instance:com.leaftaps.ui.leads.testcases.TC_EditLead@15c43bd9]" started-at="2022-09-25T02:31:59 IST" name="postCondition" finished-at="2022-09-25T02:32:00 IST" duration-ms="173" status="PASS">
          <reporter-output>
          </reporter-output>
        </test-method> <!-- postCondition -->
      </class> <!-- com.leaftaps.ui.leads.testcases.TC_EditLead -->
    </test> <!-- LFT-96329 Lead Development in Chrome -->
  </suite> <!-- LeafTaps Automation -->
</testng-results>
