<?xml version="1.0" encoding="UTF-8"?>
<!-- Generated by org.testng.reporters.JUnitXMLReporter -->
<testsuite ignored="0" hostname="ATT-418" failures="0" tests="5" name="LFT-96328 Lead Development TCs run sequentially" time="98.878" errors="0" timestamp="2022-09-25T02:13:18 IST">
  <testcase classname="com.leaftaps.ui.leads.testcases.TC_CreateLead" name="runCreateLead" time="11.511"/>
  <testcase classname="com.leaftaps.ui.leads.testcases.TC_EditLead" name="runEditLead" time="14.98"/>
  <testcase classname="com.leaftaps.ui.leads.testcases.TC_DeleteLead" name="runDeleteLead" time="11.596"/>
  <testcase classname="com.leaftaps.ui.leads.testcases.TC_DuplicateLead" name="runDuplicateLead" time="15.77"/>
  <testcase classname="com.leaftaps.ui.leads.testcases.TC_MergeLead" name="runMergeLead" time="13.217"/>
</testsuite> <!-- LFT-96328 Lead Development TCs run sequentially -->
