<?xml version="1.0" encoding="UTF-8"?>
<!-- Generated by org.testng.reporters.JUnitXMLReporter -->
<testsuite ignored="0" hostname="ATT-418" failures="0" tests="2" name="LFT-96330 Lead Development in Edge" time="48.169" errors="0" timestamp="2022-09-25T02:29:29 IST">
  <testcase classname="com.leaftaps.ui.leads.testcases.TC_DuplicateLead" name="runDuplicateLead" time="15.755"/>
  <testcase classname="com.leaftaps.ui.leads.testcases.TC_MergeLead" name="runMergeLead" time="13.13"/>
</testsuite> <!-- LFT-96330 Lead Development in Edge -->
