<?xml version="1.0" encoding="UTF-8"?>
<!-- Generated by org.testng.reporters.JUnitXMLReporter -->
<testsuite ignored="0" hostname="ATT-418" failures="0" tests="5" name="LFT-96329 Lead Development in Chrome" time="64.177" errors="0" timestamp="2022-09-25T02:32:00 IST">
  <testcase classname="com.leaftaps.ui.leads.testcases.TC_CreateLead" name="runCreateLead" time="13.187"/>
  <testcase classname="com.leaftaps.ui.leads.testcases.TC_DuplicateLead" name="runDuplicateLead" time="17.646"/>
  <testcase classname="com.leaftaps.ui.leads.testcases.TC_DeleteLead" name="runDeleteLead" time="14.625"/>
  <testcase classname="com.leaftaps.ui.leads.testcases.TC_MergeLead" name="runMergeLead" time="15.066"/>
  <testcase classname="com.leaftaps.ui.leads.testcases.TC_EditLead" name="runEditLead" time="14.719"/>
</testsuite> <!-- LFT-96329 Lead Development in Chrome -->
